Case #1: Impossible
Case #2: Impossible
Case #3: Impossible
Case #4: Impossible
Case #5: Impossible
Case #6: Impossible
Case #7: Impossible
Case #8: Impossible
Case #9: Possible
.....
.....
.....
.....
.....
.....
.....
.....
.....
.....
.....
.....
.....
.....
Case #10: Impossible
Case #11: Possible
.....
.....
.....
.....
.....
.....
Case #12: Impossible
Case #13: Impossible
Case #14: Impossible
Case #15: Possible
.....
Case #16: Impossible
Case #17: Impossible
Case #18: Impossible
Case #19: Impossible
Case #20: Possible
...
...
...
...
...
Case #21: Impossible
Case #22: Impossible
Case #23: Impossible
Case #24: Impossible
Case #25: Impossible
Case #26: Impossible
Case #27: Impossible
Case #28: Impossible
Case #29: Impossible
Case #30: Possible
...
...
...
...
...
Case #31: Impossible
Case #32: Possible
.
.
.
.
.
Case #33: Impossible
Case #34: Impossible
Case #35: Possible
.
Case #36: Impossible
Case #37: Impossible
Case #38: Impossible
Case #39: Impossible
Case #40: Impossible
Case #41: Impossible
Case #42: Possible
..
..
..
..
..
..
Case #43: Impossible
Case #44: Impossible
Case #45: Possible
...
...
...
...
...
Case #46: Impossible
Case #47: Impossible
Case #48: Impossible
Case #49: Impossible
Case #50: Impossible
Case #51: Impossible
Case #52: Impossible
Case #53: Impossible
Case #54: Impossible
Case #55: Impossible
Case #56: Impossible
Case #57: Impossible
Case #58: Impossible
Case #59: Impossible
Case #60: Impossible
Case #61: Impossible
Case #62: Impossible
Case #63: Impossible
Case #64: Impossible
Case #65: Possible
.....
.....
.....
Case #66: Impossible
Case #67: Possible
.
Case #68: Impossible
Case #69: Impossible
Case #70: Impossible
Case #71: Impossible
Case #72: Impossible
Case #73: Impossible
Case #74: Impossible
Case #75: Impossible
Case #76: Possible
.
.
.
Case #77: Possible
..
..
..
..
..
Case #78: Impossible
Case #79: Impossible
Case #80: Impossible
Case #81: Impossible
Case #82: Impossible
Case #83: Impossible
Case #84: Impossible
Case #85: Impossible
